[debug] [2024-07-19T21:52:32.953Z] ----------------------------------------------------------------------
[debug] [2024-07-19T21:52:32.960Z] Command:       C:\Users\ed\AppData\Local\fnm_multishells\14668_1721425602582\node.exe C:\Users\ed\AppData\Roaming\npm\node_modules\firebase-tools\lib\bin\firebase.js init hosting
[debug] [2024-07-19T21:52:32.961Z] CLI Version:   13.13.3
[debug] [2024-07-19T21:52:32.961Z] Platform:      win32
[debug] [2024-07-19T21:52:32.961Z] Node Version:  v22.5.0
[debug] [2024-07-19T21:52:32.962Z] Time:          Fri Jul 19 2024 22:52:32 GMT+0100 (British Summer Time)
[debug] [2024-07-19T21:52:32.963Z] ----------------------------------------------------------------------
[debug] 
[debug] [2024-07-19T21:52:33.144Z] > command requires scopes: ["email","openid","https://www.googleapis.com/auth/cloudplatformprojects.readonly","https://www.googleapis.com/auth/firebase","https://www.googleapis.com/auth/cloud-platform"]
[debug] [2024-07-19T21:52:33.145Z] > authorizing via signed-in user (edwardjex1@gmail.com)
[info] 
     ######## #### ########  ######## ########     ###     ######  ########
     ##        ##  ##     ## ##       ##     ##  ##   ##  ##       ##
     ######    ##  ########  ######   ########  #########  ######  ######
     ##        ##  ##    ##  ##       ##     ## ##     ##       ## ##
     ##       #### ##     ## ######## ########  ##     ##  ######  ########

You're about to initialize a Firebase project in this directory:

  D:\code\river-level-analysis

Before we get started, keep in mind:

  * You are initializing within an existing Firebase project directory

[info] 
=== Project Setup
[info] 
[info] First, let's associate this project directory with a Firebase project.
[info] You can create multiple project aliases by running firebase use --add, 
[info] but for now we'll just set up a default project.
[info] 
[debug] [2024-07-19T21:52:37.254Z] Using project from CLI flag: durham-river-level
[debug] [2024-07-19T21:52:37.256Z] > refreshing access token with scopes: []
[debug] [2024-07-19T21:52:37.260Z] >>> [apiv2][query] POST https://www.googleapis.com/oauth2/v3/token [none]
[debug] [2024-07-19T21:52:37.260Z] >>> [apiv2][body] POST https://www.googleapis.com/oauth2/v3/token [omitted]
[debug] [2024-07-19T21:52:37.510Z] <<< [apiv2][status] POST https://www.googleapis.com/oauth2/v3/token 500
[debug] [2024-07-19T21:52:37.510Z] <<< [apiv2][body] POST https://www.googleapis.com/oauth2/v3/token [omitted]
[debug] [2024-07-19T21:52:37.511Z] Authentication Error: Your credentials are no longer valid. Please run firebase login --reauth

For CI servers and headless environments, generate a new token with firebase login:ci
[debug] [2024-07-19T21:52:37.608Z] FirebaseError: Authentication Error: Your credentials are no longer valid. Please run firebase login --reauth

For CI servers and headless environments, generate a new token with firebase login:ci
    at invalidCredentialError (C:\Users\ed\AppData\Roaming\npm\node_modules\firebase-tools\lib\auth.js:140:12)
    at refreshTokens (C:\Users\ed\AppData\Roaming\npm\node_modules\firebase-tools\lib\auth.js:514:15)
    at process.processTicksAndRejections (node:internal/process/task_queues:95:5)
    at async getAccessToken (C:\Users\ed\AppData\Roaming\npm\node_modules\firebase-tools\lib\apiv2.js:40:18)
    at async Client.addAuthHeader (C:\Users\ed\AppData\Roaming\npm\node_modules\firebase-tools\lib\apiv2.js:167:21)
    at async Client.request (C:\Users\ed\AppData\Roaming\npm\node_modules\firebase-tools\lib\apiv2.js:118:34)
    at async getFirebaseProject (C:\Users\ed\AppData\Roaming\npm\node_modules\firebase-tools\lib\management\projects.js:295:21)
    at async doSetup (C:\Users\ed\AppData\Roaming\npm\node_modules\firebase-tools\lib\init\features\project.js:85:27)
    at async init (C:\Users\ed\AppData\Roaming\npm\node_modules\firebase-tools\lib\init\index.js:40:9)
[error] 
[error] Error: Failed to get Firebase project durham-river-level. Please make sure the project exists and your account has permission to access it.
