[INFO] [2024-07-14 12:28:20] [training] Using seed: 499
[INFO] [2024-07-14 12:28:25] [training] wandb run: https://wandb.ai/ejex/river-level-forecasting/runs/u7fojjtg
[INFO] [2024-07-14 12:28:25] [training] Using device: cuda
[INFO] [2024-07-14 12:28:25] [hydrology] Loading response from cache
[INFO] [2024-07-14 12:35:57] [training] Using seed: 730
[INFO] [2024-07-14 12:36:02] [training] wandb run: https://wandb.ai/ejex/river-level-forecasting/runs/x0w537uk
[INFO] [2024-07-14 12:36:02] [training] Using device: cuda
[INFO] [2024-07-14 12:36:02] [training] Loading training data
[INFO] [2024-07-14 12:36:02] [hydrology] Loading response from cache
[INFO] [2024-07-14 12:36:08] [training] Loaded 522553 training samples and 92216 test samples
[INFO] [2024-07-14 12:36:08] [training] Preprocessing data
[INFO] [2024-07-14 12:36:09] [training] Initialising model
[INFO] [2024-07-14 12:36:09] [training] Model has 5158 trainable parameters
[INFO] [2024-07-14 12:36:13] [training] Starting training
[INFO] [2024-07-14 12:36:13] [training] Epoch 1 / 50
[INFO] [2024-07-14 12:36:31] [training] Epoch metrics: {'train_loss_total': '0.0948', 'val_loss_total': '0.0704'}
[INFO] [2024-07-14 12:36:31] [training] Epoch 2 / 50
[INFO] [2024-07-14 12:36:49] [training] Epoch metrics: {'train_loss_total': '0.0532', 'val_loss_total': '0.0590'}
[INFO] [2024-07-14 12:36:49] [training] Epoch 3 / 50
[INFO] [2024-07-14 12:37:08] [training] Epoch metrics: {'train_loss_total': '0.0484', 'val_loss_total': '0.0559'}
[INFO] [2024-07-14 12:37:08] [training] Epoch 4 / 50
[INFO] [2024-07-14 12:41:33] [training] Using seed: 378
[INFO] [2024-07-14 12:41:38] [training] wandb run: https://wandb.ai/ejex/river-level-forecasting/runs/wezwaa4n
[INFO] [2024-07-14 12:41:38] [training] Using device: cuda
[INFO] [2024-07-14 12:41:38] [training] Loading training data
[INFO] [2024-07-14 12:41:38] [hydrology] Loading response from cache
[INFO] [2024-07-14 12:43:08] [training] Using seed: 224
[INFO] [2024-07-14 12:43:13] [training] wandb run: https://wandb.ai/ejex/river-level-forecasting/runs/0e5x43be
[INFO] [2024-07-14 12:43:13] [training] Using device: cuda
[INFO] [2024-07-14 12:43:13] [training] Loading training data
[INFO] [2024-07-14 12:43:13] [hydrology] Loading response from cache
[INFO] [2024-07-14 12:43:19] [training] Loaded 522553 training samples and 92216 test samples
[INFO] [2024-07-14 12:43:19] [training] Preprocessing data
[INFO] [2024-07-14 12:43:21] [training] Initialising model
[INFO] [2024-07-14 12:43:21] [training] Model has 5158 trainable parameters
[INFO] [2024-07-14 12:43:24] [training] Starting training
[INFO] [2024-07-14 12:43:24] [training] Epoch 1 / 50
[INFO] [2024-07-14 12:43:42] [training] Epoch metrics: {'train_loss_total': '0.0960', 'val_loss_total': '0.0701'}
[INFO] [2024-07-14 12:43:42] [training] Epoch 2 / 50
[INFO] [2024-07-14 12:44:33] [training] Using seed: 552
[INFO] [2024-07-14 12:44:38] [training] wandb run: https://wandb.ai/ejex/river-level-forecasting/runs/yidfweop
[INFO] [2024-07-14 12:44:38] [training] Using device: cuda
[INFO] [2024-07-14 12:44:38] [training] Loading training data
[INFO] [2024-07-14 12:44:38] [hydrology] Loading response from cache
[INFO] [2024-07-14 12:44:44] [training] Loaded 522553 training samples and 92216 test samples
[INFO] [2024-07-14 12:44:44] [training] Preprocessing data
[INFO] [2024-07-14 12:44:45] [training] Initialising model
[INFO] [2024-07-14 12:44:45] [training] Model has 5158 trainable parameters
[INFO] [2024-07-14 12:46:10] [training] Using seed: 571
[INFO] [2024-07-14 12:46:16] [training] wandb run: https://wandb.ai/ejex/river-level-forecasting/runs/imbqvpay
[INFO] [2024-07-14 12:46:16] [training] Using device: cuda
[INFO] [2024-07-14 12:46:16] [training] Loading training data
[INFO] [2024-07-14 12:46:16] [hydrology] Loading response from cache
[INFO] [2024-07-14 12:46:21] [training] Loaded 522553 training samples and 92216 test samples
[INFO] [2024-07-14 12:46:21] [training] Preprocessing data
[INFO] [2024-07-14 12:46:23] [training] Initialising model
[INFO] [2024-07-14 12:46:23] [training] Model has 5158 trainable parameters
[INFO] [2024-07-14 12:46:27] [training] Starting training
[INFO] [2024-07-14 12:46:27] [training] Epoch 1 / 50
[INFO] [2024-07-14 12:47:39] [training] Using seed: 617
[INFO] [2024-07-14 12:47:45] [training] wandb run: https://wandb.ai/ejex/river-level-forecasting/runs/p6p9inmf
[INFO] [2024-07-14 12:47:45] [training] Using device: cuda
[INFO] [2024-07-14 12:47:45] [training] Loading training data
[INFO] [2024-07-14 12:47:45] [hydrology] Loading response from cache
[INFO] [2024-07-14 12:47:51] [training] Loaded 522553 training samples and 92216 test samples
[INFO] [2024-07-14 12:47:51] [training] Preprocessing data
[INFO] [2024-07-14 12:47:53] [training] Initialising model
[INFO] [2024-07-14 12:47:53] [training] Model has 5158 trainable parameters
[INFO] [2024-07-14 12:47:56] [training] Starting training
[INFO] [2024-07-14 12:47:56] [training] Epoch 1 / 50
[INFO] [2024-07-14 12:48:15] [training] Epoch metrics: {'train_loss_total': '0.0952', 'val_loss_total': '0.0711'}
[INFO] [2024-07-14 12:48:15] [training] Epoch 2 / 50
[INFO] [2024-07-14 12:48:33] [training] Epoch metrics: {'train_loss_total': '0.0554', 'val_loss_total': '0.0615'}
[INFO] [2024-07-14 12:48:33] [training] Epoch 3 / 50
[INFO] [2024-07-14 12:48:52] [training] Epoch metrics: {'train_loss_total': '0.0495', 'val_loss_total': '0.0563'}
[INFO] [2024-07-14 12:48:52] [training] Epoch 4 / 50
[INFO] [2024-07-14 12:53:59] [training] Using seed: 970
[INFO] [2024-07-14 12:54:05] [training] wandb run: https://wandb.ai/ejex/river-level-forecasting/runs/rjgsvu0l
[INFO] [2024-07-14 12:54:05] [training] Using device: cuda
[INFO] [2024-07-14 12:54:05] [training] Loading training data
[INFO] [2024-07-14 12:54:05] [hydrology] Loading response from cache
[INFO] [2024-07-14 12:54:11] [training] Loaded 522553 training samples and 92216 test samples
[INFO] [2024-07-14 12:54:11] [training] Preprocessing data
[INFO] [2024-07-14 12:54:12] [training] Initialising model
[INFO] [2024-07-14 12:54:12] [training] Model has 5158 trainable parameters
[INFO] [2024-07-14 12:54:16] [training] Starting training
[INFO] [2024-07-14 12:54:16] [training] Epoch 1 / 50
[INFO] [2024-07-14 12:54:35] [training] Epoch metrics: {'train_loss_total': '0.0941', 'val_loss_total': '0.0702'}
[INFO] [2024-07-14 12:54:35] [training] Epoch 2 / 50
[INFO] [2024-07-14 12:55:05] [training] Using seed: 706
[INFO] [2024-07-14 12:55:11] [training] wandb run: https://wandb.ai/ejex/river-level-forecasting/runs/e2w1s31l
[INFO] [2024-07-14 12:55:11] [training] Using device: cuda
[INFO] [2024-07-14 12:55:11] [training] Loading training data
[INFO] [2024-07-14 12:55:11] [hydrology] Loading response from cache
[INFO] [2024-07-14 12:55:17] [training] Loaded 522553 training samples and 92216 test samples
[INFO] [2024-07-14 12:55:17] [training] Preprocessing data
[INFO] [2024-07-14 12:55:18] [training] Initialising model
[INFO] [2024-07-14 12:55:18] [training] Model has 5158 trainable parameters
[INFO] [2024-07-14 12:55:22] [training] Starting training
[INFO] [2024-07-14 12:55:22] [training] Epoch 1 / 50
[INFO] [2024-07-14 12:55:41] [training] Epoch metrics: {'train_loss_total': '0.1025', 'val_loss_total': '0.0692'}
[INFO] [2024-07-14 12:55:41] [training] Epoch 2 / 50
[INFO] [2024-07-14 12:56:35] [training] Using seed: 781
[INFO] [2024-07-14 12:56:40] [training] wandb run: https://wandb.ai/ejex/river-level-forecasting/runs/472dd24b
[INFO] [2024-07-14 12:56:41] [training] Using device: cuda
[INFO] [2024-07-14 12:56:41] [training] Loading training data
[INFO] [2024-07-14 12:56:41] [hydrology] Loading response from cache
[INFO] [2024-07-14 12:56:46] [training] Loaded 522553 training samples and 92216 test samples
[INFO] [2024-07-14 12:56:46] [training] Preprocessing data
[INFO] [2024-07-14 12:56:48] [training] Initialising model
[INFO] [2024-07-14 12:56:48] [training] Model has 5158 trainable parameters
[INFO] [2024-07-14 12:56:51] [training] Starting training
[INFO] [2024-07-14 12:56:51] [training] Epoch 1 / 50
[INFO] [2024-07-14 12:57:10] [training] Epoch metrics: {'train_loss_total': '0.0923', 'val_loss_total': '0.0691'}
[INFO] [2024-07-14 12:57:10] [training] Epoch 2 / 50
[INFO] [2024-07-14 12:57:29] [training] Epoch metrics: {'train_loss_total': '0.0552', 'val_loss_total': '0.0597'}
[INFO] [2024-07-14 12:57:29] [training] Epoch 3 / 50
[INFO] [2024-07-14 12:57:47] [training] Epoch metrics: {'train_loss_total': '0.0498', 'val_loss_total': '0.0567'}
[INFO] [2024-07-14 12:57:47] [training] Epoch 4 / 50
[INFO] [2024-07-14 12:58:06] [training] Epoch metrics: {'train_loss_total': '0.0472', 'val_loss_total': '0.0546'}
[INFO] [2024-07-14 12:58:06] [training] Epoch 5 / 50
[INFO] [2024-07-14 12:58:53] [training] Using seed: 12
[INFO] [2024-07-14 12:58:58] [training] wandb run: https://wandb.ai/ejex/river-level-forecasting/runs/g6ur0wes
[INFO] [2024-07-14 12:58:58] [training] Using device: cuda
[INFO] [2024-07-14 12:58:58] [training] Loading training data
[INFO] [2024-07-14 12:58:58] [hydrology] Loading response from cache
[INFO] [2024-07-14 12:59:03] [training] Loaded 522553 training samples and 92216 test samples
[INFO] [2024-07-14 12:59:03] [training] Preprocessing data
[INFO] [2024-07-14 12:59:05] [training] Initialising model
[INFO] [2024-07-14 12:59:05] [training] Model has 5158 trainable parameters
[INFO] [2024-07-14 12:59:09] [training] Starting training
[INFO] [2024-07-14 12:59:09] [training] Epoch 1 / 50
[INFO] [2024-07-14 12:59:28] [training] Epoch metrics: {'train_loss_total': '0.0928', 'val_loss_total': '0.0702'}
[INFO] [2024-07-14 12:59:28] [training] Epoch 2 / 50
[INFO] [2024-07-14 12:59:47] [training] Epoch metrics: {'train_loss_total': '0.0537', 'val_loss_total': '0.0585'}
[INFO] [2024-07-14 12:59:47] [training] Epoch 3 / 50
[INFO] [2024-07-14 13:00:05] [training] Epoch metrics: {'train_loss_total': '0.0483', 'val_loss_total': '0.0557'}
[INFO] [2024-07-14 13:00:05] [training] Epoch 4 / 50
[INFO] [2024-07-14 13:00:24] [training] Epoch metrics: {'train_loss_total': '0.0464', 'val_loss_total': '0.0544'}
[INFO] [2024-07-14 13:00:24] [training] Epoch 5 / 50
[INFO] [2024-07-14 13:00:43] [training] Epoch metrics: {'train_loss_total': '0.0453', 'val_loss_total': '0.0528'}
[INFO] [2024-07-14 13:00:43] [training] Epoch 6 / 50
[INFO] [2024-07-14 13:01:02] [training] Epoch metrics: {'train_loss_total': '0.0444', 'val_loss_total': '0.0541'}
[INFO] [2024-07-14 13:01:02] [training] Epoch 7 / 50
[INFO] [2024-07-14 13:01:21] [training] Epoch metrics: {'train_loss_total': '0.0437', 'val_loss_total': '0.0538'}
[INFO] [2024-07-14 13:01:21] [training] Epoch 8 / 50
[INFO] [2024-07-14 13:01:39] [training] Epoch metrics: {'train_loss_total': '0.0433', 'val_loss_total': '0.0521'}
[INFO] [2024-07-14 13:01:39] [training] Epoch 9 / 50
[INFO] [2024-07-14 13:01:58] [training] Epoch metrics: {'train_loss_total': '0.0429', 'val_loss_total': '0.0523'}
[INFO] [2024-07-14 13:01:58] [training] Epoch 10 / 50
[INFO] [2024-07-14 13:02:17] [training] Epoch metrics: {'train_loss_total': '0.0425', 'val_loss_total': '0.0521'}
[INFO] [2024-07-14 13:02:17] [training] Epoch 11 / 50
[INFO] [2024-07-14 13:02:36] [training] Epoch metrics: {'train_loss_total': '0.0422', 'val_loss_total': '0.0520'}
[INFO] [2024-07-14 13:02:36] [training] Epoch 12 / 50
[INFO] [2024-07-14 13:02:55] [training] Epoch metrics: {'train_loss_total': '0.0420', 'val_loss_total': '0.0504'}
[INFO] [2024-07-14 13:02:55] [training] Epoch 13 / 50
[INFO] [2024-07-14 13:03:14] [training] Epoch metrics: {'train_loss_total': '0.0418', 'val_loss_total': '0.0528'}
[INFO] [2024-07-14 13:03:14] [training] Epoch 14 / 50
[INFO] [2024-07-14 13:03:33] [training] Epoch metrics: {'train_loss_total': '0.0415', 'val_loss_total': '0.0507'}
[INFO] [2024-07-14 13:03:33] [training] Epoch 15 / 50
[INFO] [2024-07-14 13:03:53] [training] Epoch metrics: {'train_loss_total': '0.0414', 'val_loss_total': '0.0501'}
[INFO] [2024-07-14 13:03:53] [training] Epoch 16 / 50
[INFO] [2024-07-14 13:04:12] [training] Epoch metrics: {'train_loss_total': '0.0413', 'val_loss_total': '0.0502'}
[INFO] [2024-07-14 13:04:12] [training] Epoch 17 / 50
[INFO] [2024-07-14 13:04:31] [training] Epoch metrics: {'train_loss_total': '0.0411', 'val_loss_total': '0.0547'}
[INFO] [2024-07-14 13:04:31] [training] Epoch 18 / 50
[INFO] [2024-07-14 13:04:50] [training] Epoch metrics: {'train_loss_total': '0.0409', 'val_loss_total': '0.0510'}
[INFO] [2024-07-14 13:04:50] [training] Epoch 19 / 50
[INFO] [2024-07-14 13:05:09] [training] Epoch metrics: {'train_loss_total': '0.0408', 'val_loss_total': '0.0517'}
[INFO] [2024-07-14 13:05:09] [training] Epoch 20 / 50
[INFO] [2024-07-14 13:05:28] [training] Epoch metrics: {'train_loss_total': '0.0407', 'val_loss_total': '0.0518'}
[INFO] [2024-07-14 13:05:28] [training] Epoch 21 / 50
[INFO] [2024-07-14 13:05:47] [training] Epoch metrics: {'train_loss_total': '0.0406', 'val_loss_total': '0.0508'}
[INFO] [2024-07-14 13:05:47] [training] Epoch 22 / 50
[INFO] [2024-07-14 13:06:06] [training] Epoch metrics: {'train_loss_total': '0.0405', 'val_loss_total': '0.0544'}
[INFO] [2024-07-14 13:06:06] [training] Epoch 23 / 50
[INFO] [2024-07-14 13:06:25] [training] Epoch metrics: {'train_loss_total': '0.0404', 'val_loss_total': '0.0496'}
[INFO] [2024-07-14 13:06:25] [training] Epoch 24 / 50
[INFO] [2024-07-14 13:06:43] [training] Epoch metrics: {'train_loss_total': '0.0403', 'val_loss_total': '0.0515'}
[INFO] [2024-07-14 13:06:43] [training] Epoch 25 / 50
[INFO] [2024-07-14 13:07:02] [training] Epoch metrics: {'train_loss_total': '0.0403', 'val_loss_total': '0.0482'}
[INFO] [2024-07-14 13:07:02] [training] Epoch 26 / 50
[INFO] [2024-07-14 13:07:21] [training] Epoch metrics: {'train_loss_total': '0.0401', 'val_loss_total': '0.0496'}
[INFO] [2024-07-14 13:07:21] [training] Epoch 27 / 50
[INFO] [2024-07-14 13:07:41] [training] Epoch metrics: {'train_loss_total': '0.0401', 'val_loss_total': '0.0483'}
[INFO] [2024-07-14 13:07:41] [training] Epoch 28 / 50
[INFO] [2024-07-14 13:07:59] [training] Epoch metrics: {'train_loss_total': '0.0399', 'val_loss_total': '0.0491'}
[INFO] [2024-07-14 13:07:59] [training] Epoch 29 / 50
[INFO] [2024-07-14 13:09:41] [training] Using seed: 265
[INFO] [2024-07-14 13:09:47] [training] wandb run: https://wandb.ai/ejex/river-level-forecasting/runs/20dyq0qr
[INFO] [2024-07-14 13:09:47] [training] Using device: cuda
[INFO] [2024-07-14 13:09:47] [training] Loading training data
[INFO] [2024-07-14 13:09:47] [hydrology] Loading response from cache
[INFO] [2024-07-14 13:09:53] [training] Loaded 522553 training samples and 92216 test samples
[INFO] [2024-07-14 13:09:53] [training] Preprocessing data
[INFO] [2024-07-14 13:09:54] [training] Initialising model
[INFO] [2024-07-14 13:09:54] [training] Model has 10430 trainable parameters
[INFO] [2024-07-14 13:09:58] [training] Starting training
[INFO] [2024-07-14 13:09:58] [training] Epoch 1 / 25
[INFO] [2024-07-14 13:10:23] [training] Epoch metrics: {'train_loss_total': '0.0554', 'val_loss_total': '0.0552'}
[INFO] [2024-07-14 13:10:23] [training] Epoch 2 / 25
[INFO] [2024-07-14 13:10:49] [training] Epoch metrics: {'train_loss_total': '0.0441', 'val_loss_total': '0.0511'}
[INFO] [2024-07-14 13:10:49] [training] Epoch 3 / 25
[INFO] [2024-07-14 13:11:13] [training] Epoch metrics: {'train_loss_total': '0.0428', 'val_loss_total': '0.0549'}
[INFO] [2024-07-14 13:11:13] [training] Epoch 4 / 25
[INFO] [2024-07-14 13:11:37] [training] Epoch metrics: {'train_loss_total': '0.0418', 'val_loss_total': '0.0522'}
[INFO] [2024-07-14 13:11:37] [training] Epoch 5 / 25
[INFO] [2024-07-14 13:12:01] [training] Epoch metrics: {'train_loss_total': '0.0413', 'val_loss_total': '0.0543'}
[INFO] [2024-07-14 13:12:01] [training] Epoch 6 / 25
[INFO] [2024-07-14 13:12:26] [training] Epoch metrics: {'train_loss_total': '0.0408', 'val_loss_total': '0.0506'}
[INFO] [2024-07-14 13:12:26] [training] Epoch 7 / 25
[INFO] [2024-07-14 13:12:51] [training] Epoch metrics: {'train_loss_total': '0.0404', 'val_loss_total': '0.0560'}
[INFO] [2024-07-14 13:12:51] [training] Epoch 8 / 25
[INFO] [2024-07-14 13:13:15] [training] Epoch metrics: {'train_loss_total': '0.0401', 'val_loss_total': '0.0507'}
[INFO] [2024-07-14 13:13:15] [training] Epoch 9 / 25
[INFO] [2024-07-14 13:13:39] [training] Epoch metrics: {'train_loss_total': '0.0398', 'val_loss_total': '0.0510'}
[INFO] [2024-07-14 13:13:39] [training] Epoch 10 / 25
[INFO] [2024-07-14 13:14:02] [training] Epoch metrics: {'train_loss_total': '0.0397', 'val_loss_total': '0.0500'}
[INFO] [2024-07-14 13:14:02] [training] Epoch 11 / 25
[INFO] [2024-07-14 13:14:26] [training] Epoch metrics: {'train_loss_total': '0.0395', 'val_loss_total': '0.0495'}
[INFO] [2024-07-14 13:14:26] [training] Epoch 12 / 25
[INFO] [2024-07-14 13:14:49] [training] Epoch metrics: {'train_loss_total': '0.0393', 'val_loss_total': '0.0503'}
[INFO] [2024-07-14 13:14:49] [training] Epoch 13 / 25
[INFO] [2024-07-14 13:15:13] [training] Epoch metrics: {'train_loss_total': '0.0392', 'val_loss_total': '0.0524'}
[INFO] [2024-07-14 13:15:13] [training] Epoch 14 / 25
[INFO] [2024-07-14 13:15:36] [training] Epoch metrics: {'train_loss_total': '0.0391', 'val_loss_total': '0.0465'}
[INFO] [2024-07-14 13:15:36] [training] Epoch 15 / 25
[INFO] [2024-07-14 13:16:00] [training] Epoch metrics: {'train_loss_total': '0.0389', 'val_loss_total': '0.0486'}
[INFO] [2024-07-14 13:16:00] [training] Epoch 16 / 25
[INFO] [2024-07-14 13:16:23] [training] Epoch metrics: {'train_loss_total': '0.0388', 'val_loss_total': '0.0465'}
[INFO] [2024-07-14 13:16:23] [training] Epoch 17 / 25
[INFO] [2024-07-14 13:16:47] [training] Epoch metrics: {'train_loss_total': '0.0387', 'val_loss_total': '0.0541'}
[INFO] [2024-07-14 13:16:47] [training] Epoch 18 / 25
[INFO] [2024-07-14 13:17:10] [training] Epoch metrics: {'train_loss_total': '0.0387', 'val_loss_total': '0.0485'}
[INFO] [2024-07-14 13:17:10] [training] Epoch 19 / 25
[INFO] [2024-07-14 13:17:34] [training] Epoch metrics: {'train_loss_total': '0.0386', 'val_loss_total': '0.0450'}
[INFO] [2024-07-14 13:17:34] [training] Epoch 20 / 25
[INFO] [2024-07-14 13:17:57] [training] Epoch metrics: {'train_loss_total': '0.0385', 'val_loss_total': '0.0441'}
[INFO] [2024-07-14 13:17:57] [training] Epoch 21 / 25
[INFO] [2024-07-14 13:18:21] [training] Epoch metrics: {'train_loss_total': '0.0385', 'val_loss_total': '0.0471'}
[INFO] [2024-07-14 13:18:21] [training] Epoch 22 / 25
[INFO] [2024-07-14 13:18:45] [training] Epoch metrics: {'train_loss_total': '0.0384', 'val_loss_total': '0.0444'}
[INFO] [2024-07-14 13:18:45] [training] Epoch 23 / 25
[INFO] [2024-07-14 13:19:08] [training] Epoch metrics: {'train_loss_total': '0.0384', 'val_loss_total': '0.0429'}
[INFO] [2024-07-14 13:19:08] [training] Epoch 24 / 25
[INFO] [2024-07-14 13:19:32] [training] Epoch metrics: {'train_loss_total': '0.0384', 'val_loss_total': '0.0434'}
[INFO] [2024-07-14 13:19:32] [training] Epoch 25 / 25
[INFO] [2024-07-14 13:19:55] [training] Epoch metrics: {'train_loss_total': '0.0384', 'val_loss_total': '0.0436'}
[INFO] [2024-07-14 13:19:55] [training] Training complete
[INFO] [2024-07-14 13:19:55] [training] Saving model to models\laced-bush-101\model_torchscript.pt
[INFO] [2024-07-14 13:19:56] [training] Saving preprocessing pipeline to models\laced-bush-101\preprocessing.pickle
[INFO] [2024-07-14 13:19:56] [training] Saving stations to models\laced-bush-101\stations.csv
